The target system is: Generic - 2.3.99 - arm
The host system is: Linux - 5.4.0-42-generic - x86_64
Compiling the C compiler identification source file "CMakeCCompilerId.c" succeeded.
Compiler: /home/huynhtai/Downloads/ebook_RTOS/Zephyr_SDK/arm-zephyr-eabi/bin/arm-zephyr-eabi-gcc 
Build flags: 
Id flags: -c 

The output was:
0


Compilation of the C compiler identification source "CMakeCCompilerId.c" produced "CMakeCCompilerId.o"

The C compiler identification is GNU, found in "/home/huynhtai/tmp/zephyrproject/peripheral/build/CMakeFiles/3.18.1/CompilerIdC/CMakeCCompilerId.o"

Compiling the CXX compiler identification source file "CMakeCXXCompilerId.cpp" succeeded.
Compiler: /home/huynhtai/Downloads/ebook_RTOS/Zephyr_SDK/arm-zephyr-eabi/bin/arm-zephyr-eabi-g++ 
Build flags: 
Id flags: -c 

The output was:
0


Compilation of the CXX compiler identification source "CMakeCXXCompilerId.cpp" produced "CMakeCXXCompilerId.o"

The CXX compiler identification is GNU, found in "/home/huynhtai/tmp/zephyrproject/peripheral/build/CMakeFiles/3.18.1/CompilerIdCXX/CMakeCXXCompilerId.o"

Checking whether the ASM compiler is GNU using "--version" matched "(GNU assembler)|(GCC)|(Free Software Foundation)":
arm-zephyr-eabi-gcc (crosstool-NG 1.24.0.37-3f461da-dirty) 9.2.0
Copyright (C) 2019 Free Software Foundation, Inc.
This is free software; see the source for copying conditions.  There is NO
warranty; not even for MERCHANTABILITY or FITNESS FOR A PARTICULAR PURPOSE.

Performing C SOURCE FILE Test check_fmacro_prefix_map__home_huynhtai_tmp_zephyrproject_peripheral_CMAKE_SOURCE_DIR_C__nostartfiles__nostdlib__isystem___home_huynhtai_Downloads_ebook_RTOS_Zephyr_SDK_arm_zephyr_eabi_bin____lib_gcc_arm_zephyr_eabi_9_2_0_include___isystem___home_huynhtai_Downloads_ebook_RTOS_Zephyr_SDK_arm_zephyr_eabi_bin____lib_gcc_arm_zephyr_eabi_9_2_0_include_fixed___Wl___unresolved_symbols_ignore_in_object_files__Wl___entry_0 succeeded with the following output:
Change Dir: /home/huynhtai/tmp/zephyrproject/peripheral/build/CMakeFiles/CMakeTmp

Run Build Command(s):/usr/bin/make cmTC_45e5b/fast && /usr/bin/make  -f CMakeFiles/cmTC_45e5b.dir/build.make CMakeFiles/cmTC_45e5b.dir/build
make[1]: Entering directory '/home/huynhtai/tmp/zephyrproject/peripheral/build/CMakeFiles/CMakeTmp'
Building C object CMakeFiles/cmTC_45e5b.dir/src.c.obj
/home/huynhtai/Downloads/ebook_RTOS/Zephyr_SDK/arm-zephyr-eabi/bin/arm-zephyr-eabi-gcc   -Dcheck_fmacro_prefix_map__home_huynhtai_tmp_zephyrproject_peripheral_CMAKE_SOURCE_DIR_C__nostartfiles__nostdlib__isystem___home_huynhtai_Downloads_ebook_RTOS_Zephyr_SDK_arm_zephyr_eabi_bin____lib_gcc_arm_zephyr_eabi_9_2_0_include___isystem___home_huynhtai_Downloads_ebook_RTOS_Zephyr_SDK_arm_zephyr_eabi_bin____lib_gcc_arm_zephyr_eabi_9_2_0_include_fixed___Wl___unresolved_symbols_ignore_in_object_files__Wl___entry_0 -nostartfiles -nostdlib -isystem "/home/huynhtai/Downloads/ebook_RTOS/Zephyr_SDK/arm-zephyr-eabi/bin/../lib/gcc/arm-zephyr-eabi/9.2.0/include" -isystem "/home/huynhtai/Downloads/ebook_RTOS/Zephyr_SDK/arm-zephyr-eabi/bin/../lib/gcc/arm-zephyr-eabi/9.2.0/include-fixed" -Wl,--unresolved-symbols=ignore-in-object-files -Wl,--entry=0   -fmacro-prefix-map=/home/huynhtai/tmp/zephyrproject/peripheral=CMAKE_SOURCE_DIR -o CMakeFiles/cmTC_45e5b.dir/src.c.obj -c /home/huynhtai/tmp/zephyrproject/peripheral/build/CMakeFiles/CMakeTmp/src.c
Linking C executable cmTC_45e5b
/snap/cmake/513/bin/cmake -E cmake_link_script CMakeFiles/cmTC_45e5b.dir/link.txt --verbose=1
/home/huynhtai/Downloads/ebook_RTOS/Zephyr_SDK/arm-zephyr-eabi/bin/arm-zephyr-eabi-gcc  -Dcheck_fmacro_prefix_map__home_huynhtai_tmp_zephyrproject_peripheral_CMAKE_SOURCE_DIR_C__nostartfiles__nostdlib__isystem___home_huynhtai_Downloads_ebook_RTOS_Zephyr_SDK_arm_zephyr_eabi_bin____lib_gcc_arm_zephyr_eabi_9_2_0_include___isystem___home_huynhtai_Downloads_ebook_RTOS_Zephyr_SDK_arm_zephyr_eabi_bin____lib_gcc_arm_zephyr_eabi_9_2_0_include_fixed___Wl___unresolved_symbols_ignore_in_object_files__Wl___entry_0 -nostartfiles -nostdlib -isystem "/home/huynhtai/Downloads/ebook_RTOS/Zephyr_SDK/arm-zephyr-eabi/bin/../lib/gcc/arm-zephyr-eabi/9.2.0/include" -isystem "/home/huynhtai/Downloads/ebook_RTOS/Zephyr_SDK/arm-zephyr-eabi/bin/../lib/gcc/arm-zephyr-eabi/9.2.0/include-fixed" -Wl,--unresolved-symbols=ignore-in-object-files -Wl,--entry=0 CMakeFiles/cmTC_45e5b.dir/src.c.obj -o cmTC_45e5b 
make[1]: Leaving directory '/home/huynhtai/tmp/zephyrproject/peripheral/build/CMakeFiles/CMakeTmp'


Source file was:
int main(void) { return 0; }
